<?xml version="1.0" encoding="UTF-8"?>
<!-- Generated by org.testng.reporters.JUnitReportReporter -->
<testsuite hostname="SHELW42SLPC0883" name="com.Shell.qa.TestCases.TC02_HomePageTest" tests="6" failures="0" timestamp="29 Oct 2019 05:26:01 GMT" time="275.840" errors="0">
  <testcase name="TC82953_TC82954" time="56.283" classname="com.Shell.qa.TestCases.TC02_HomePageTest"/>
  <testcase name="HomeTest" time="58.892" classname="com.Shell.qa.TestCases.TC02_HomePageTest"/>
  <testcase name="ValidateHomePage" time="34.950" classname="com.Shell.qa.TestCases.TC02_HomePageTest"/>
  <testcase name="ValidateHomePage" time="28.758" classname="com.Shell.qa.TestCases.TC02_HomePageTest"/>
  <testcase name="TC82953_TC82954" time="48.776" classname="com.Shell.qa.TestCases.TC02_HomePageTest"/>
  <testcase name="HomeTest" time="48.181" classname="com.Shell.qa.TestCases.TC02_HomePageTest"/>
</testsuite> <!-- com.Shell.qa.TestCases.TC02_HomePageTest -->
