<?xml version="1.0" encoding="UTF-8"?>
<!-- Generated by org.testng.reporters.JUnitReportReporter -->
<testsuite hostname="SHELW42SLPC0883" name="com.Shell.qa.TestCases.LoginPageTest" tests="3" failures="0" timestamp="9 Sep 2019 09:24:19 GMT" time="137.053" errors="0">
  <testcase name="LoginTest" time="57.998" classname="com.Shell.qa.TestCases.LoginPageTest"/>
  <testcase name="LoginTest" time="63.152" classname="com.Shell.qa.TestCases.LoginPageTest"/>
  <testcase name="ValidateLoginPage" time="15.903" classname="com.Shell.qa.TestCases.LoginPageTest"/>
</testsuite> <!-- com.Shell.qa.TestCases.LoginPageTest -->
