<?xml version="1.0" encoding="UTF-8"?>
<!-- Generated by org.testng.reporters.JUnitReportReporter -->
<testsuite hostname="SHELW42SLPC0883" name="com.Shell.qa.TestCases.TC01_LoginPageTest" tests="4" failures="0" timestamp="30 Oct 2019 07:56:16 GMT" time="95.372" errors="0">
  <testcase name="ValidateLoginPage" time="12.656" classname="com.Shell.qa.TestCases.TC01_LoginPageTest"/>
  <testcase name="LoginTest" time="28.705" classname="com.Shell.qa.TestCases.TC01_LoginPageTest"/>
  <testcase name="ValidateLoginPage" time="18.836" classname="com.Shell.qa.TestCases.TC01_LoginPageTest"/>
  <testcase name="LoginTest" time="35.175" classname="com.Shell.qa.TestCases.TC01_LoginPageTest"/>
</testsuite> <!-- com.Shell.qa.TestCases.TC01_LoginPageTest -->
