<?xml version="1.0" encoding="UTF-8"?>
<!-- Generated by org.testng.reporters.JUnitReportReporter -->
<testsuite hostname="SHELW42SLPC0883" name="com.Shell.qa.TestCases.TC02_HomePageTest" tests="3" failures="0" timestamp="24 Oct 2019 05:47:09 GMT" time="135.792" errors="0">
  <testcase name="HomeTest" time="54.043" classname="com.Shell.qa.TestCases.TC02_HomePageTest"/>
  <testcase name="ValidateHomePage" time="29.628" classname="com.Shell.qa.TestCases.TC02_HomePageTest"/>
  <testcase name="TC82953_TC82954" time="52.121" classname="com.Shell.qa.TestCases.TC02_HomePageTest"/>
</testsuite> <!-- com.Shell.qa.TestCases.TC02_HomePageTest -->
