<?xml version="1.0" encoding="UTF-8"?>
<!-- Generated by org.testng.reporters.JUnitReportReporter -->
<testsuite hostname="SHELW42SLPC0883" name="com.Shell.qa.TestCases.TC01_LoginPageTest" tests="3" failures="0" timestamp="1 Oct 2019 09:03:36 GMT" time="101.162" errors="0">
  <testcase name="LoginTest" time="29.527" classname="com.Shell.qa.TestCases.TC01_LoginPageTest"/>
  <testcase name="LoginTest" time="54.703" classname="com.Shell.qa.TestCases.TC01_LoginPageTest"/>
  <testcase name="ValidateLoginPage" time="16.932" classname="com.Shell.qa.TestCases.TC01_LoginPageTest"/>
</testsuite> <!-- com.Shell.qa.TestCases.TC01_LoginPageTest -->
