<?xml version="1.0" encoding="UTF-8"?>
<!-- Generated by org.testng.reporters.JUnitReportReporter -->
<testsuite hostname="SHELW42SLPC0883" name="com.Shell.qa.TestCases.TC02_HomePageTest" tests="6" failures="0" timestamp="30 Oct 2019 07:56:16 GMT" time="279.506" errors="0">
  <testcase name="TC82953_TC82954" time="56.127" classname="com.Shell.qa.TestCases.TC02_HomePageTest"/>
  <testcase name="HomeTest" time="59.747" classname="com.Shell.qa.TestCases.TC02_HomePageTest"/>
  <testcase name="ValidateHomePage" time="34.003" classname="com.Shell.qa.TestCases.TC02_HomePageTest"/>
  <testcase name="ValidateHomePage" time="28.037" classname="com.Shell.qa.TestCases.TC02_HomePageTest"/>
  <testcase name="TC82953_TC82954" time="51.101" classname="com.Shell.qa.TestCases.TC02_HomePageTest"/>
  <testcase name="HomeTest" time="50.491" classname="com.Shell.qa.TestCases.TC02_HomePageTest"/>
</testsuite> <!-- com.Shell.qa.TestCases.TC02_HomePageTest -->
