<?xml version="1.0" encoding="UTF-8"?>
<!-- Generated by org.testng.reporters.JUnitReportReporter -->
<testsuite hostname="SHELW42SLPC0883" name="com.Shell.qa.TestCases.TC02_HomePageTest" tests="3" failures="0" timestamp="24 Oct 2019 06:34:50 GMT" time="136.074" errors="0">
  <testcase name="TC82953_TC82954" time="51.008" classname="com.Shell.qa.TestCases.TC02_HomePageTest"/>
  <testcase name="ValidateHomePage" time="30.201" classname="com.Shell.qa.TestCases.TC02_HomePageTest"/>
  <testcase name="HomeTest" time="54.865" classname="com.Shell.qa.TestCases.TC02_HomePageTest"/>
</testsuite> <!-- com.Shell.qa.TestCases.TC02_HomePageTest -->
