<?xml version="1.0" encoding="UTF-8"?>
<!-- Generated by org.testng.reporters.JUnitReportReporter -->
<testsuite hostname="SHELW42SLPC0883" name="com.Shell.qa.TestCases.TC01_LoginPageTest" tests="4" failures="0" timestamp="29 Oct 2019 05:26:01 GMT" time="91.780" errors="0">
  <testcase name="ValidateLoginPage" time="9.847" classname="com.Shell.qa.TestCases.TC01_LoginPageTest"/>
  <testcase name="LoginTest" time="33.969" classname="com.Shell.qa.TestCases.TC01_LoginPageTest"/>
  <testcase name="LoginTest" time="30.931" classname="com.Shell.qa.TestCases.TC01_LoginPageTest"/>
  <testcase name="ValidateLoginPage" time="17.033" classname="com.Shell.qa.TestCases.TC01_LoginPageTest"/>
</testsuite> <!-- com.Shell.qa.TestCases.TC01_LoginPageTest -->
