<?xml version="1.0" encoding="UTF-8"?>
<!-- Generated by org.testng.reporters.JUnitReportReporter -->
<testsuite hostname="SHELW42SLPC0883" name="com.Shell.qa.TestCases.TC01_LoginPageTest" tests="3" failures="0" timestamp="9 Sep 2019 10:27:20 GMT" time="109.291" errors="0">
  <testcase name="LoginTest" time="60.788" classname="com.Shell.qa.TestCases.TC01_LoginPageTest"/>
  <testcase name="ValidateLoginPage" time="12.078" classname="com.Shell.qa.TestCases.TC01_LoginPageTest"/>
  <testcase name="LoginTest" time="36.425" classname="com.Shell.qa.TestCases.TC01_LoginPageTest"/>
</testsuite> <!-- com.Shell.qa.TestCases.TC01_LoginPageTest -->
